Analysis & Synthesis report for CPUARM
Mon Nov 07 23:31:00 2022
Quartus Prime Version 20.1.1 Build 720 11/11/2020 SJ Lite Edition


---------------------
; Table of Contents ;
---------------------
  1. Legal Notice
  2. Analysis & Synthesis Summary
  3. Analysis & Synthesis Settings
  4. Parallel Compilation
  5. Analysis & Synthesis Source Files Read
  6. Analysis & Synthesis Resource Usage Summary
  7. Analysis & Synthesis Resource Utilization by Entity
  8. Analysis & Synthesis IP Cores Summary
  9. Registers Removed During Synthesis
 10. General Register Statistics
 11. Source assignments for ImageROMC:Irom|ImageROM:memoria|altsyncram:altsyncram_component|altsyncram_ndg1:auto_generated
 12. Parameter Settings for User Entity Instance: ImageROMC:Irom|ImageCounter:pc
 13. Parameter Settings for User Entity Instance: ImageROMC:Irom|ImageROM:memoria|altsyncram:altsyncram_component
 14. altsyncram Parameter Settings by Entity Instance
 15. Port Connectivity Checks: "DataMemory:RAM"
 16. Port Connectivity Checks: "ImageROMC:Irom|ImageCounter:pc"
 17. Port Connectivity Checks: "ImageROMC:Irom"
 18. Post-Synthesis Netlist Statistics for Top Partition
 19. Elapsed Time Per Partition
 20. Analysis & Synthesis Messages



----------------
; Legal Notice ;
----------------
Copyright (C) 2020  Intel Corporation. All rights reserved.
Your use of Intel Corporation's design tools, logic functions 
and other software and tools, and any partner logic 
functions, and any output files from any of the foregoing 
(including device programming or simulation files), and any 
associated documentation or information are expressly subject 
to the terms and conditions of the Intel Program License 
Subscription Agreement, the Intel Quartus Prime License Agreement,
the Intel FPGA IP License Agreement, or other applicable license
agreement, including, without limitation, that your use is for
the sole purpose of programming logic devices manufactured by
Intel and sold by Intel or its authorized distributors.  Please
refer to the applicable agreement for further details, at
https://fpgasoftware.intel.com/eula.



+-------------------------------------------------------------------------------+
; Analysis & Synthesis Summary                                                  ;
+---------------------------------+---------------------------------------------+
; Analysis & Synthesis Status     ; Successful - Mon Nov 07 23:31:00 2022       ;
; Quartus Prime Version           ; 20.1.1 Build 720 11/11/2020 SJ Lite Edition ;
; Revision Name                   ; CPUARM                                      ;
; Top-level Entity Name           ; CPU                                         ;
; Family                          ; Cyclone V                                   ;
; Logic utilization (in ALMs)     ; N/A                                         ;
; Total registers                 ; 0                                           ;
; Total pins                      ; 3                                           ;
; Total virtual pins              ; 0                                           ;
; Total block memory bits         ; 0                                           ;
; Total DSP Blocks                ; 0                                           ;
; Total HSSI RX PCSs              ; 0                                           ;
; Total HSSI PMA RX Deserializers ; 0                                           ;
; Total HSSI TX PCSs              ; 0                                           ;
; Total HSSI PMA TX Serializers   ; 0                                           ;
; Total PLLs                      ; 0                                           ;
; Total DLLs                      ; 0                                           ;
+---------------------------------+---------------------------------------------+


+---------------------------------------------------------------------------------------------------------------------------+
; Analysis & Synthesis Settings                                                                                             ;
+---------------------------------------------------------------------------------+--------------------+--------------------+
; Option                                                                          ; Setting            ; Default Value      ;
+---------------------------------------------------------------------------------+--------------------+--------------------+
; Device                                                                          ; 5CSEMA5F31C6       ;                    ;
; Top-level entity name                                                           ; CPU                ; CPUARM             ;
; Family name                                                                     ; Cyclone V          ; Cyclone V          ;
; Use smart compilation                                                           ; Off                ; Off                ;
; Enable parallel Assembler and Timing Analyzer during compilation                ; On                 ; On                 ;
; Enable compact report table                                                     ; Off                ; Off                ;
; Restructure Multiplexers                                                        ; Auto               ; Auto               ;
; MLAB Add Timing Constraints For Mixed-Port Feed-Through Mode Setting Don't Care ; Off                ; Off                ;
; Create Debugging Nodes for IP Cores                                             ; Off                ; Off                ;
; Preserve fewer node names                                                       ; On                 ; On                 ;
; Intel FPGA IP Evaluation Mode                                                   ; Enable             ; Enable             ;
; Verilog Version                                                                 ; Verilog_2001       ; Verilog_2001       ;
; VHDL Version                                                                    ; VHDL_1993          ; VHDL_1993          ;
; State Machine Processing                                                        ; Auto               ; Auto               ;
; Safe State Machine                                                              ; Off                ; Off                ;
; Extract Verilog State Machines                                                  ; On                 ; On                 ;
; Extract VHDL State Machines                                                     ; On                 ; On                 ;
; Ignore Verilog initial constructs                                               ; Off                ; Off                ;
; Iteration limit for constant Verilog loops                                      ; 5000               ; 5000               ;
; Iteration limit for non-constant Verilog loops                                  ; 250                ; 250                ;
; Add Pass-Through Logic to Inferred RAMs                                         ; On                 ; On                 ;
; Infer RAMs from Raw Logic                                                       ; On                 ; On                 ;
; Parallel Synthesis                                                              ; On                 ; On                 ;
; DSP Block Balancing                                                             ; Auto               ; Auto               ;
; NOT Gate Push-Back                                                              ; On                 ; On                 ;
; Power-Up Don't Care                                                             ; On                 ; On                 ;
; Remove Redundant Logic Cells                                                    ; Off                ; Off                ;
; Remove Duplicate Registers                                                      ; On                 ; On                 ;
; Ignore CARRY Buffers                                                            ; Off                ; Off                ;
; Ignore CASCADE Buffers                                                          ; Off                ; Off                ;
; Ignore GLOBAL Buffers                                                           ; Off                ; Off                ;
; Ignore ROW GLOBAL Buffers                                                       ; Off                ; Off                ;
; Ignore LCELL Buffers                                                            ; Off                ; Off                ;
; Ignore SOFT Buffers                                                             ; On                 ; On                 ;
; Limit AHDL Integers to 32 Bits                                                  ; Off                ; Off                ;
; Optimization Technique                                                          ; Balanced           ; Balanced           ;
; Carry Chain Length                                                              ; 70                 ; 70                 ;
; Auto Carry Chains                                                               ; On                 ; On                 ;
; Auto Open-Drain Pins                                                            ; On                 ; On                 ;
; Perform WYSIWYG Primitive Resynthesis                                           ; Off                ; Off                ;
; Auto ROM Replacement                                                            ; On                 ; On                 ;
; Auto RAM Replacement                                                            ; On                 ; On                 ;
; Auto DSP Block Replacement                                                      ; On                 ; On                 ;
; Auto Shift Register Replacement                                                 ; Auto               ; Auto               ;
; Allow Shift Register Merging across Hierarchies                                 ; Auto               ; Auto               ;
; Auto Clock Enable Replacement                                                   ; On                 ; On                 ;
; Strict RAM Replacement                                                          ; Off                ; Off                ;
; Allow Synchronous Control Signals                                               ; On                 ; On                 ;
; Force Use of Synchronous Clear Signals                                          ; Off                ; Off                ;
; Auto Resource Sharing                                                           ; Off                ; Off                ;
; Allow Any RAM Size For Recognition                                              ; Off                ; Off                ;
; Allow Any ROM Size For Recognition                                              ; Off                ; Off                ;
; Allow Any Shift Register Size For Recognition                                   ; Off                ; Off                ;
; Use LogicLock Constraints during Resource Balancing                             ; On                 ; On                 ;
; Ignore translate_off and synthesis_off directives                               ; Off                ; Off                ;
; Timing-Driven Synthesis                                                         ; On                 ; On                 ;
; Report Parameter Settings                                                       ; On                 ; On                 ;
; Report Source Assignments                                                       ; On                 ; On                 ;
; Report Connectivity Checks                                                      ; On                 ; On                 ;
; Ignore Maximum Fan-Out Assignments                                              ; Off                ; Off                ;
; Synchronization Register Chain Length                                           ; 3                  ; 3                  ;
; Power Optimization During Synthesis                                             ; Normal compilation ; Normal compilation ;
; HDL message level                                                               ; Level2             ; Level2             ;
; Suppress Register Optimization Related Messages                                 ; Off                ; Off                ;
; Number of Removed Registers Reported in Synthesis Report                        ; 5000               ; 5000               ;
; Number of Swept Nodes Reported in Synthesis Report                              ; 5000               ; 5000               ;
; Number of Inverted Registers Reported in Synthesis Report                       ; 100                ; 100                ;
; Clock MUX Protection                                                            ; On                 ; On                 ;
; Auto Gated Clock Conversion                                                     ; Off                ; Off                ;
; Block Design Naming                                                             ; Auto               ; Auto               ;
; SDC constraint protection                                                       ; Off                ; Off                ;
; Synthesis Effort                                                                ; Auto               ; Auto               ;
; Shift Register Replacement - Allow Asynchronous Clear Signal                    ; On                 ; On                 ;
; Pre-Mapping Resynthesis Optimization                                            ; Off                ; Off                ;
; Analysis & Synthesis Message Level                                              ; Medium             ; Medium             ;
; Disable Register Merging Across Hierarchies                                     ; Auto               ; Auto               ;
; Resource Aware Inference For Block RAM                                          ; On                 ; On                 ;
; Automatic Parallel Synthesis                                                    ; On                 ; On                 ;
; Partial Reconfiguration Bitstream ID                                            ; Off                ; Off                ;
+---------------------------------------------------------------------------------+--------------------+--------------------+


+------------------------------------------+
; Parallel Compilation                     ;
+----------------------------+-------------+
; Processors                 ; Number      ;
+----------------------------+-------------+
; Number detected on machine ; 8           ;
; Maximum allowed            ; 4           ;
;                            ;             ;
; Average used               ; 1.00        ;
; Maximum used               ; 1           ;
;                            ;             ;
; Usage by Processor         ; % Time Used ;
;     Processor 1            ; 100.0%      ;
+----------------------------+-------------+


+--------------------------------------------------------------------------------------------------------------------------------------------------------------------------------------------------+
; Analysis & Synthesis Source Files Read                                                                                                                                                           ;
+----------------------------------+-----------------+----------------------------------+------------------------------------------------------------------------------------------------+---------+
; File Name with User-Entered Path ; Used in Netlist ; File Type                        ; File Name with Absolute Path                                                                   ; Library ;
+----------------------------------+-----------------+----------------------------------+------------------------------------------------------------------------------------------------+---------+
; EncryptedImage.mif               ; yes             ; User Memory Initialization File  ; C:/Users/david/OneDrive/Documents/TEC/Taller-D/Proyecto-Taller/Proyecto/EncryptedImage.mif     ;         ;
; ImageROMC.sv                     ; yes             ; User SystemVerilog HDL File      ; C:/Users/david/OneDrive/Documents/TEC/Taller-D/Proyecto-Taller/Proyecto/ImageROMC.sv           ;         ;
; ImageCounter.sv                  ; yes             ; User SystemVerilog HDL File      ; C:/Users/david/OneDrive/Documents/TEC/Taller-D/Proyecto-Taller/Proyecto/ImageCounter.sv        ;         ;
; ImageROM.v                       ; yes             ; User Wizard-Generated File       ; C:/Users/david/OneDrive/Documents/TEC/Taller-D/Proyecto-Taller/Proyecto/ImageROM.v             ;         ;
; DataMemory.sv                    ; yes             ; User SystemVerilog HDL File      ; C:/Users/david/OneDrive/Documents/TEC/Taller-D/Proyecto-Taller/Proyecto/DataMemory.sv          ;         ;
; CPU.sv                           ; yes             ; User SystemVerilog HDL File      ; C:/Users/david/OneDrive/Documents/TEC/Taller-D/Proyecto-Taller/Proyecto/CPU.sv                 ;         ;
; ram.mem                          ; yes             ; User Unspecified File            ; C:/Users/david/OneDrive/Documents/TEC/Taller-D/Proyecto-Taller/Proyecto/ram.mem                ;         ;
; altsyncram.tdf                   ; yes             ; Megafunction                     ; c:/intelfpga_lite/20.1/quartus/libraries/megafunctions/altsyncram.tdf                          ;         ;
; stratix_ram_block.inc            ; yes             ; Megafunction                     ; c:/intelfpga_lite/20.1/quartus/libraries/megafunctions/stratix_ram_block.inc                   ;         ;
; lpm_mux.inc                      ; yes             ; Megafunction                     ; c:/intelfpga_lite/20.1/quartus/libraries/megafunctions/lpm_mux.inc                             ;         ;
; lpm_decode.inc                   ; yes             ; Megafunction                     ; c:/intelfpga_lite/20.1/quartus/libraries/megafunctions/lpm_decode.inc                          ;         ;
; aglobal201.inc                   ; yes             ; Megafunction                     ; c:/intelfpga_lite/20.1/quartus/libraries/megafunctions/aglobal201.inc                          ;         ;
; a_rdenreg.inc                    ; yes             ; Megafunction                     ; c:/intelfpga_lite/20.1/quartus/libraries/megafunctions/a_rdenreg.inc                           ;         ;
; altrom.inc                       ; yes             ; Megafunction                     ; c:/intelfpga_lite/20.1/quartus/libraries/megafunctions/altrom.inc                              ;         ;
; altram.inc                       ; yes             ; Megafunction                     ; c:/intelfpga_lite/20.1/quartus/libraries/megafunctions/altram.inc                              ;         ;
; altdpram.inc                     ; yes             ; Megafunction                     ; c:/intelfpga_lite/20.1/quartus/libraries/megafunctions/altdpram.inc                            ;         ;
; db/altsyncram_ndg1.tdf           ; yes             ; Auto-Generated Megafunction      ; C:/Users/david/OneDrive/Documents/TEC/Taller-D/Proyecto-Taller/Proyecto/db/altsyncram_ndg1.tdf ;         ;
; db/decode_u0a.tdf                ; yes             ; Auto-Generated Megafunction      ; C:/Users/david/OneDrive/Documents/TEC/Taller-D/Proyecto-Taller/Proyecto/db/decode_u0a.tdf      ;         ;
; db/mux_lfb.tdf                   ; yes             ; Auto-Generated Megafunction      ; C:/Users/david/OneDrive/Documents/TEC/Taller-D/Proyecto-Taller/Proyecto/db/mux_lfb.tdf         ;         ;
+----------------------------------+-----------------+----------------------------------+------------------------------------------------------------------------------------------------+---------+


+-----------------------------------------------------+
; Analysis & Synthesis Resource Usage Summary         ;
+---------------------------------------------+-------+
; Resource                                    ; Usage ;
+---------------------------------------------+-------+
; Estimate of Logic utilization (ALMs needed) ; 0     ;
;                                             ;       ;
; Combinational ALUT usage for logic          ; 0     ;
;     -- 7 input functions                    ; 0     ;
;     -- 6 input functions                    ; 0     ;
;     -- 5 input functions                    ; 0     ;
;     -- 4 input functions                    ; 0     ;
;     -- <=3 input functions                  ; 0     ;
;                                             ;       ;
; Dedicated logic registers                   ; 0     ;
;                                             ;       ;
; I/O pins                                    ; 3     ;
;                                             ;       ;
; Total DSP Blocks                            ; 0     ;
;                                             ;       ;
; Maximum fan-out node                        ; clk   ;
; Maximum fan-out                             ; 1     ;
; Total fan-out                               ; 3     ;
; Average fan-out                             ; 0.50  ;
+---------------------------------------------+-------+


+----------------------------------------------------------------------------------------------------------------------------------------------------------------------------------------+
; Analysis & Synthesis Resource Utilization by Entity                                                                                                                                    ;
+----------------------------+---------------------+---------------------------+-------------------+------------+------+--------------+---------------------+-------------+--------------+
; Compilation Hierarchy Node ; Combinational ALUTs ; Dedicated Logic Registers ; Block Memory Bits ; DSP Blocks ; Pins ; Virtual Pins ; Full Hierarchy Name ; Entity Name ; Library Name ;
+----------------------------+---------------------+---------------------------+-------------------+------------+------+--------------+---------------------+-------------+--------------+
; |CPU                       ; 0 (0)               ; 0 (0)                     ; 0                 ; 0          ; 3    ; 0            ; |CPU                ; CPU         ; work         ;
+----------------------------+---------------------+---------------------------+-------------------+------------+------+--------------+---------------------+-------------+--------------+
Note: For table entries with two numbers listed, the numbers in parentheses indicate the number of resources of the given type used by the specific entity alone. The numbers listed outside of parentheses indicate the total resources of the given type used by the specific entity and all of its sub-entities in the hierarchy.


+------------------------------------------------------------------------------------------------------------------------+
; Analysis & Synthesis IP Cores Summary                                                                                  ;
+--------+--------------+---------+--------------+--------------+--------------------------------------+-----------------+
; Vendor ; IP Core Name ; Version ; Release Date ; License Type ; Entity Instance                      ; IP Include File ;
+--------+--------------+---------+--------------+--------------+--------------------------------------+-----------------+
; Altera ; ROM: 1-PORT  ; 20.1    ; N/A          ; N/A          ; |CPU|ImageROMC:Irom|ImageROM:memoria ; ImageROM.v      ;
+--------+--------------+---------+--------------+--------------+--------------------------------------+-----------------+


+-----------------------------------------------------------------+
; Registers Removed During Synthesis                              ;
+--------------------------------------------+--------------------+
; Register name                              ; Reason for Removal ;
+--------------------------------------------+--------------------+
; ImageROMC:Irom|ImageCounter:pc|qAux[0..13] ; Lost fanout        ;
; Total Number of Removed Registers = 14     ;                    ;
+--------------------------------------------+--------------------+


+------------------------------------------------------+
; General Register Statistics                          ;
+----------------------------------------------+-------+
; Statistic                                    ; Value ;
+----------------------------------------------+-------+
; Total registers                              ; 0     ;
; Number of registers using Synchronous Clear  ; 0     ;
; Number of registers using Synchronous Load   ; 0     ;
; Number of registers using Asynchronous Clear ; 0     ;
; Number of registers using Asynchronous Load  ; 0     ;
; Number of registers using Clock Enable       ; 0     ;
; Number of registers using Preset             ; 0     ;
+----------------------------------------------+-------+


+-----------------------------------------------------------------------------------------------------------------------+
; Source assignments for ImageROMC:Irom|ImageROM:memoria|altsyncram:altsyncram_component|altsyncram_ndg1:auto_generated ;
+---------------------------------+--------------------+------+---------------------------------------------------------+
; Assignment                      ; Value              ; From ; To                                                      ;
+---------------------------------+--------------------+------+---------------------------------------------------------+
; OPTIMIZE_POWER_DURING_SYNTHESIS ; NORMAL_COMPILATION ; -    ; -                                                       ;
+---------------------------------+--------------------+------+---------------------------------------------------------+


+-----------------------------------------------------------------------------+
; Parameter Settings for User Entity Instance: ImageROMC:Irom|ImageCounter:pc ;
+----------------+-------+----------------------------------------------------+
; Parameter Name ; Value ; Type                                               ;
+----------------+-------+----------------------------------------------------+
; N              ; 14    ; Signed Integer                                     ;
+----------------+-------+----------------------------------------------------+
Note: In order to hide this table in the UI and the text report file, please set the "Show Parameter Settings in Synthesis Report" option in "Analysis and Synthesis Settings -> More Settings" to "Off".


+--------------------------------------------------------------------------------------------------------------+
; Parameter Settings for User Entity Instance: ImageROMC:Irom|ImageROM:memoria|altsyncram:altsyncram_component ;
+------------------------------------+----------------------+--------------------------------------------------+
; Parameter Name                     ; Value                ; Type                                             ;
+------------------------------------+----------------------+--------------------------------------------------+
; BYTE_SIZE_BLOCK                    ; 8                    ; Untyped                                          ;
; AUTO_CARRY_CHAINS                  ; ON                   ; AUTO_CARRY                                       ;
; IGNORE_CARRY_BUFFERS               ; OFF                  ; IGNORE_CARRY                                     ;
; AUTO_CASCADE_CHAINS                ; ON                   ; AUTO_CASCADE                                     ;
; IGNORE_CASCADE_BUFFERS             ; OFF                  ; IGNORE_CASCADE                                   ;
; WIDTH_BYTEENA                      ; 1                    ; Untyped                                          ;
; OPERATION_MODE                     ; ROM                  ; Untyped                                          ;
; WIDTH_A                            ; 8                    ; Signed Integer                                   ;
; WIDTHAD_A                          ; 14                   ; Signed Integer                                   ;
; NUMWORDS_A                         ; 16384                ; Signed Integer                                   ;
; OUTDATA_REG_A                      ; CLOCK0               ; Untyped                                          ;
; ADDRESS_ACLR_A                     ; NONE                 ; Untyped                                          ;
; OUTDATA_ACLR_A                     ; NONE                 ; Untyped                                          ;
; WRCONTROL_ACLR_A                   ; NONE                 ; Untyped                                          ;
; INDATA_ACLR_A                      ; NONE                 ; Untyped                                          ;
; BYTEENA_ACLR_A                     ; NONE                 ; Untyped                                          ;
; WIDTH_B                            ; 1                    ; Untyped                                          ;
; WIDTHAD_B                          ; 1                    ; Untyped                                          ;
; NUMWORDS_B                         ; 1                    ; Untyped                                          ;
; INDATA_REG_B                       ; CLOCK1               ; Untyped                                          ;
; WRCONTROL_WRADDRESS_REG_B          ; CLOCK1               ; Untyped                                          ;
; RDCONTROL_REG_B                    ; CLOCK1               ; Untyped                                          ;
; ADDRESS_REG_B                      ; CLOCK1               ; Untyped                                          ;
; OUTDATA_REG_B                      ; UNREGISTERED         ; Untyped                                          ;
; BYTEENA_REG_B                      ; CLOCK1               ; Untyped                                          ;
; INDATA_ACLR_B                      ; NONE                 ; Untyped                                          ;
; WRCONTROL_ACLR_B                   ; NONE                 ; Untyped                                          ;
; ADDRESS_ACLR_B                     ; NONE                 ; Untyped                                          ;
; OUTDATA_ACLR_B                     ; NONE                 ; Untyped                                          ;
; RDCONTROL_ACLR_B                   ; NONE                 ; Untyped                                          ;
; BYTEENA_ACLR_B                     ; NONE                 ; Untyped                                          ;
; WIDTH_BYTEENA_A                    ; 1                    ; Signed Integer                                   ;
; WIDTH_BYTEENA_B                    ; 1                    ; Untyped                                          ;
; RAM_BLOCK_TYPE                     ; AUTO                 ; Untyped                                          ;
; BYTE_SIZE                          ; 8                    ; Untyped                                          ;
; READ_DURING_WRITE_MODE_MIXED_PORTS ; DONT_CARE            ; Untyped                                          ;
; READ_DURING_WRITE_MODE_PORT_A      ; NEW_DATA_NO_NBE_READ ; Untyped                                          ;
; READ_DURING_WRITE_MODE_PORT_B      ; NEW_DATA_NO_NBE_READ ; Untyped                                          ;
; INIT_FILE                          ; EncryptedImage.mif   ; Untyped                                          ;
; INIT_FILE_LAYOUT                   ; PORT_A               ; Untyped                                          ;
; MAXIMUM_DEPTH                      ; 0                    ; Untyped                                          ;
; CLOCK_ENABLE_INPUT_A               ; BYPASS               ; Untyped                                          ;
; CLOCK_ENABLE_INPUT_B               ; NORMAL               ; Untyped                                          ;
; CLOCK_ENABLE_OUTPUT_A              ; BYPASS               ; Untyped                                          ;
; CLOCK_ENABLE_OUTPUT_B              ; NORMAL               ; Untyped                                          ;
; CLOCK_ENABLE_CORE_A                ; USE_INPUT_CLKEN      ; Untyped                                          ;
; CLOCK_ENABLE_CORE_B                ; USE_INPUT_CLKEN      ; Untyped                                          ;
; ENABLE_ECC                         ; FALSE                ; Untyped                                          ;
; ECC_PIPELINE_STAGE_ENABLED         ; FALSE                ; Untyped                                          ;
; WIDTH_ECCSTATUS                    ; 3                    ; Untyped                                          ;
; DEVICE_FAMILY                      ; Cyclone V            ; Untyped                                          ;
; CBXI_PARAMETER                     ; altsyncram_ndg1      ; Untyped                                          ;
+------------------------------------+----------------------+--------------------------------------------------+
Note: In order to hide this table in the UI and the text report file, please set the "Show Parameter Settings in Synthesis Report" option in "Analysis and Synthesis Settings -> More Settings" to "Off".


+-------------------------------------------------------------------------------------------------------------+
; altsyncram Parameter Settings by Entity Instance                                                            ;
+-------------------------------------------+-----------------------------------------------------------------+
; Name                                      ; Value                                                           ;
+-------------------------------------------+-----------------------------------------------------------------+
; Number of entity instances                ; 1                                                               ;
; Entity Instance                           ; ImageROMC:Irom|ImageROM:memoria|altsyncram:altsyncram_component ;
;     -- OPERATION_MODE                     ; ROM                                                             ;
;     -- WIDTH_A                            ; 8                                                               ;
;     -- NUMWORDS_A                         ; 16384                                                           ;
;     -- OUTDATA_REG_A                      ; CLOCK0                                                          ;
;     -- WIDTH_B                            ; 1                                                               ;
;     -- NUMWORDS_B                         ; 1                                                               ;
;     -- ADDRESS_REG_B                      ; CLOCK1                                                          ;
;     -- OUTDATA_REG_B                      ; UNREGISTERED                                                    ;
;     -- RAM_BLOCK_TYPE                     ; AUTO                                                            ;
;     -- READ_DURING_WRITE_MODE_MIXED_PORTS ; DONT_CARE                                                       ;
+-------------------------------------------+-----------------------------------------------------------------+


+---------------------------------------------------------------------------------------------------------------------------------------------------------------------------------------------------------------------------+
; Port Connectivity Checks: "DataMemory:RAM"                                                                                                                                                                                ;
+------------------+--------+----------+------------------------------------------------------------------------------------------------------------------------------------------------------------------------------------+
; Port             ; Type   ; Severity ; Details                                                                                                                                                                            ;
+------------------+--------+----------+------------------------------------------------------------------------------------------------------------------------------------------------------------------------------------+
; address          ; Input  ; Warning  ; Input port expression (14 bits) is wider than the input port (4 bits) it drives.  The 10 most-significant bit(s) in the expression will be dangling if they have no other fanouts. ;
; writeEnable      ; Input  ; Info     ; Stuck at VCC                                                                                                                                                                       ;
; writeData        ; Input  ; Warning  ; Input port expression (31 bits) is smaller than the input port (32 bits) it drives.  Extra input bit(s) "writeData[31..31]" will be connected to GND.                              ;
; writeData[5..3]  ; Input  ; Info     ; Stuck at VCC                                                                                                                                                                       ;
; writeData[30..6] ; Input  ; Info     ; Stuck at GND                                                                                                                                                                       ;
; writeData[2..0]  ; Input  ; Info     ; Stuck at GND                                                                                                                                                                       ;
; data             ; Output ; Info     ; Connected to dangling logic. Logic that only feeds a dangling port will be removed.                                                                                                ;
+------------------+--------+----------+------------------------------------------------------------------------------------------------------------------------------------------------------------------------------------+


+------------------------------------------------------------+
; Port Connectivity Checks: "ImageROMC:Irom|ImageCounter:pc" ;
+------+-------+----------+----------------------------------+
; Port ; Type  ; Severity ; Details                          ;
+------+-------+----------+----------------------------------+
; en   ; Input ; Info     ; Stuck at VCC                     ;
+------+-------+----------+----------------------------------+


+----------------------------------------------------------------------------------------------------------------+
; Port Connectivity Checks: "ImageROMC:Irom"                                                                     ;
+------+--------+----------+-------------------------------------------------------------------------------------+
; Port ; Type   ; Severity ; Details                                                                             ;
+------+--------+----------+-------------------------------------------------------------------------------------+
; data ; Output ; Info     ; Connected to dangling logic. Logic that only feeds a dangling port will be removed. ;
+------+--------+----------+-------------------------------------------------------------------------------------+


+-----------------------------------------------------+
; Post-Synthesis Netlist Statistics for Top Partition ;
+-------------------+---------------------------------+
; Type              ; Count                           ;
+-------------------+---------------------------------+
; boundary_port     ; 3                               ;
;                   ;                                 ;
; Max LUT depth     ; 0.00                            ;
; Average LUT depth ; 0.00                            ;
+-------------------+---------------------------------+


+-------------------------------+
; Elapsed Time Per Partition    ;
+----------------+--------------+
; Partition Name ; Elapsed Time ;
+----------------+--------------+
; Top            ; 00:00:00     ;
+----------------+--------------+


+-------------------------------+
; Analysis & Synthesis Messages ;
+-------------------------------+
Info: *******************************************************************
Info: Running Quartus Prime Analysis & Synthesis
    Info: Version 20.1.1 Build 720 11/11/2020 SJ Lite Edition
    Info: Processing started: Mon Nov 07 23:30:46 2022
Info: Command: quartus_map --read_settings_files=on --write_settings_files=off CPUARM -c CPUARM
Warning (18236): Number of processors has not been specified which may cause overloading on shared machines.  Set the global assignment NUM_PARALLEL_PROCESSORS in your QSF to an appropriate value for best performance.
Info (20030): Parallel compilation is enabled and will use 4 of the 4 processors detected
Info (12021): Found 1 design units, including 1 entities, in source file imageromc.sv
    Info (12023): Found entity 1: ImageROMC File: C:/Users/david/OneDrive/Documents/TEC/Taller-D/Proyecto-Taller/Proyecto/ImageROMC.sv Line: 1
Info (12021): Found 1 design units, including 1 entities, in source file imagecounter.sv
    Info (12023): Found entity 1: ImageCounter File: C:/Users/david/OneDrive/Documents/TEC/Taller-D/Proyecto-Taller/Proyecto/ImageCounter.sv Line: 1
Info (12021): Found 1 design units, including 1 entities, in source file imageromtb.sv
    Info (12023): Found entity 1: ImageROMTB File: C:/Users/david/OneDrive/Documents/TEC/Taller-D/Proyecto-Taller/Proyecto/ImageROMTB.sv Line: 2
Info (12021): Found 1 design units, including 1 entities, in source file imagerom.v
    Info (12023): Found entity 1: ImageROM File: C:/Users/david/OneDrive/Documents/TEC/Taller-D/Proyecto-Taller/Proyecto/ImageROM.v Line: 40
Info (12021): Found 1 design units, including 1 entities, in source file datamemory.sv
    Info (12023): Found entity 1: DataMemory File: C:/Users/david/OneDrive/Documents/TEC/Taller-D/Proyecto-Taller/Proyecto/DataMemory.sv Line: 1
Info (12021): Found 1 design units, including 1 entities, in source file cpu.sv
    Info (12023): Found entity 1: CPU File: C:/Users/david/OneDrive/Documents/TEC/Taller-D/Proyecto-Taller/Proyecto/CPU.sv Line: 1
Info (12021): Found 1 design units, including 1 entities, in source file mux2a1.sv
    Info (12023): Found entity 1: mux2a1 File: C:/Users/david/OneDrive/Documents/TEC/Taller-D/Proyecto-Taller/Proyecto/mux2a1.sv Line: 1
Info (12021): Found 1 design units, including 1 entities, in source file datamemtb.sv
    Info (12023): Found entity 1: DataMemTB File: C:/Users/david/OneDrive/Documents/TEC/Taller-D/Proyecto-Taller/Proyecto/DataMemTB.sv Line: 1
Info (12021): Found 1 design units, including 1 entities, in source file instructionmemory.sv
    Info (12023): Found entity 1: InstructionMemory File: C:/Users/david/OneDrive/Documents/TEC/Taller-D/Proyecto-Taller/Proyecto/InstructionMemory.sv Line: 1
Info (12021): Found 1 design units, including 1 entities, in source file insmemtb.sv
    Info (12023): Found entity 1: InsMemTB File: C:/Users/david/OneDrive/Documents/TEC/Taller-D/Proyecto-Taller/Proyecto/InsMemTB.sv Line: 2
Info (12021): Found 1 design units, including 1 entities, in source file insmemory.sv
    Info (12023): Found entity 1: InsMemory File: C:/Users/david/OneDrive/Documents/TEC/Taller-D/Proyecto-Taller/Proyecto/InsMemory.sv Line: 1
Warning (10236): Verilog HDL Implicit Net warning at InsMemory.sv(14): created implicit net for "outdatat" File: C:/Users/david/OneDrive/Documents/TEC/Taller-D/Proyecto-Taller/Proyecto/InsMemory.sv Line: 14
Info (12127): Elaborating entity "CPU" for the top level hierarchy
Info (12128): Elaborating entity "ImageROMC" for hierarchy "ImageROMC:Irom" File: C:/Users/david/OneDrive/Documents/TEC/Taller-D/Proyecto-Taller/Proyecto/CPU.sv Line: 6
Info (12128): Elaborating entity "ImageCounter" for hierarchy "ImageROMC:Irom|ImageCounter:pc" File: C:/Users/david/OneDrive/Documents/TEC/Taller-D/Proyecto-Taller/Proyecto/ImageROMC.sv Line: 7
Warning (10230): Verilog HDL assignment warning at ImageCounter.sv(10): truncated value with size 32 to match size of target (14) File: C:/Users/david/OneDrive/Documents/TEC/Taller-D/Proyecto-Taller/Proyecto/ImageCounter.sv Line: 10
Info (12128): Elaborating entity "ImageROM" for hierarchy "ImageROMC:Irom|ImageROM:memoria" File: C:/Users/david/OneDrive/Documents/TEC/Taller-D/Proyecto-Taller/Proyecto/ImageROMC.sv Line: 8
Info (12128): Elaborating entity "altsyncram" for hierarchy "ImageROMC:Irom|ImageROM:memoria|altsyncram:altsyncram_component" File: C:/Users/david/OneDrive/Documents/TEC/Taller-D/Proyecto-Taller/Proyecto/ImageROM.v Line: 82
Info (12130): Elaborated megafunction instantiation "ImageROMC:Irom|ImageROM:memoria|altsyncram:altsyncram_component" File: C:/Users/david/OneDrive/Documents/TEC/Taller-D/Proyecto-Taller/Proyecto/ImageROM.v Line: 82
Info (12133): Instantiated megafunction "ImageROMC:Irom|ImageROM:memoria|altsyncram:altsyncram_component" with the following parameter: File: C:/Users/david/OneDrive/Documents/TEC/Taller-D/Proyecto-Taller/Proyecto/ImageROM.v Line: 82
    Info (12134): Parameter "address_aclr_a" = "NONE"
    Info (12134): Parameter "clock_enable_input_a" = "BYPASS"
    Info (12134): Parameter "clock_enable_output_a" = "BYPASS"
    Info (12134): Parameter "init_file" = "EncryptedImage.mif"
    Info (12134): Parameter "intended_device_family" = "Cyclone V"
    Info (12134): Parameter "lpm_hint" = "ENABLE_RUNTIME_MOD=NO"
    Info (12134): Parameter "lpm_type" = "altsyncram"
    Info (12134): Parameter "numwords_a" = "16384"
    Info (12134): Parameter "operation_mode" = "ROM"
    Info (12134): Parameter "outdata_aclr_a" = "NONE"
    Info (12134): Parameter "outdata_reg_a" = "CLOCK0"
    Info (12134): Parameter "widthad_a" = "14"
    Info (12134): Parameter "width_a" = "8"
    Info (12134): Parameter "width_byteena_a" = "1"
Info (12021): Found 1 design units, including 1 entities, in source file db/altsyncram_ndg1.tdf
    Info (12023): Found entity 1: altsyncram_ndg1 File: C:/Users/david/OneDrive/Documents/TEC/Taller-D/Proyecto-Taller/Proyecto/db/altsyncram_ndg1.tdf Line: 32
Info (12128): Elaborating entity "altsyncram_ndg1" for hierarchy "ImageROMC:Irom|ImageROM:memoria|altsyncram:altsyncram_component|altsyncram_ndg1:auto_generated" File: c:/intelfpga_lite/20.1/quartus/libraries/megafunctions/altsyncram.tdf Line: 792
Critical Warning (127005): Memory depth (16384) in the design file differs from memory depth (10100) in the Memory Initialization File "C:/Users/david/OneDrive/Documents/TEC/Taller-D/Proyecto-Taller/Proyecto/EncryptedImage.mif" -- setting initial value for remaining addresses to 0 File: C:/Users/david/OneDrive/Documents/TEC/Taller-D/Proyecto-Taller/Proyecto/ImageROM.v Line: 82
Info (12021): Found 1 design units, including 1 entities, in source file db/decode_u0a.tdf
    Info (12023): Found entity 1: decode_u0a File: C:/Users/david/OneDrive/Documents/TEC/Taller-D/Proyecto-Taller/Proyecto/db/decode_u0a.tdf Line: 23
Info (12128): Elaborating entity "decode_u0a" for hierarchy "ImageROMC:Irom|ImageROM:memoria|altsyncram:altsyncram_component|altsyncram_ndg1:auto_generated|decode_u0a:rden_decode" File: C:/Users/david/OneDrive/Documents/TEC/Taller-D/Proyecto-Taller/Proyecto/db/altsyncram_ndg1.tdf Line: 41
Info (12021): Found 1 design units, including 1 entities, in source file db/mux_lfb.tdf
    Info (12023): Found entity 1: mux_lfb File: C:/Users/david/OneDrive/Documents/TEC/Taller-D/Proyecto-Taller/Proyecto/db/mux_lfb.tdf Line: 23
Info (12128): Elaborating entity "mux_lfb" for hierarchy "ImageROMC:Irom|ImageROM:memoria|altsyncram:altsyncram_component|altsyncram_ndg1:auto_generated|mux_lfb:mux2" File: C:/Users/david/OneDrive/Documents/TEC/Taller-D/Proyecto-Taller/Proyecto/db/altsyncram_ndg1.tdf Line: 42
Info (12128): Elaborating entity "DataMemory" for hierarchy "DataMemory:RAM" File: C:/Users/david/OneDrive/Documents/TEC/Taller-D/Proyecto-Taller/Proyecto/CPU.sv Line: 11
Warning (10850): Verilog HDL warning at DataMemory.sv(11): number of words (52) in memory file does not match the number of elements in the address range [0:15] File: C:/Users/david/OneDrive/Documents/TEC/Taller-D/Proyecto-Taller/Proyecto/DataMemory.sv Line: 11
Warning (14284): Synthesized away the following node(s):
    Warning (14285): Synthesized away the following RAM node(s):
        Warning (14320): Synthesized away node "ImageROMC:Irom|ImageROM:memoria|altsyncram:altsyncram_component|altsyncram_ndg1:auto_generated|ram_block1a0" File: C:/Users/david/OneDrive/Documents/TEC/Taller-D/Proyecto-Taller/Proyecto/db/altsyncram_ndg1.tdf Line: 43
        Warning (14320): Synthesized away node "ImageROMC:Irom|ImageROM:memoria|altsyncram:altsyncram_component|altsyncram_ndg1:auto_generated|ram_block1a1" File: C:/Users/david/OneDrive/Documents/TEC/Taller-D/Proyecto-Taller/Proyecto/db/altsyncram_ndg1.tdf Line: 65
        Warning (14320): Synthesized away node "ImageROMC:Irom|ImageROM:memoria|altsyncram:altsyncram_component|altsyncram_ndg1:auto_generated|ram_block1a2" File: C:/Users/david/OneDrive/Documents/TEC/Taller-D/Proyecto-Taller/Proyecto/db/altsyncram_ndg1.tdf Line: 87
        Warning (14320): Synthesized away node "ImageROMC:Irom|ImageROM:memoria|altsyncram:altsyncram_component|altsyncram_ndg1:auto_generated|ram_block1a3" File: C:/Users/david/OneDrive/Documents/TEC/Taller-D/Proyecto-Taller/Proyecto/db/altsyncram_ndg1.tdf Line: 109
        Warning (14320): Synthesized away node "ImageROMC:Irom|ImageROM:memoria|altsyncram:altsyncram_component|altsyncram_ndg1:auto_generated|ram_block1a4" File: C:/Users/david/OneDrive/Documents/TEC/Taller-D/Proyecto-Taller/Proyecto/db/altsyncram_ndg1.tdf Line: 131
        Warning (14320): Synthesized away node "ImageROMC:Irom|ImageROM:memoria|altsyncram:altsyncram_component|altsyncram_ndg1:auto_generated|ram_block1a5" File: C:/Users/david/OneDrive/Documents/TEC/Taller-D/Proyecto-Taller/Proyecto/db/altsyncram_ndg1.tdf Line: 153
        Warning (14320): Synthesized away node "ImageROMC:Irom|ImageROM:memoria|altsyncram:altsyncram_component|altsyncram_ndg1:auto_generated|ram_block1a6" File: C:/Users/david/OneDrive/Documents/TEC/Taller-D/Proyecto-Taller/Proyecto/db/altsyncram_ndg1.tdf Line: 175
        Warning (14320): Synthesized away node "ImageROMC:Irom|ImageROM:memoria|altsyncram:altsyncram_component|altsyncram_ndg1:auto_generated|ram_block1a7" File: C:/Users/david/OneDrive/Documents/TEC/Taller-D/Proyecto-Taller/Proyecto/db/altsyncram_ndg1.tdf Line: 197
        Warning (14320): Synthesized away node "ImageROMC:Irom|ImageROM:memoria|altsyncram:altsyncram_component|altsyncram_ndg1:auto_generated|ram_block1a8" File: C:/Users/david/OneDrive/Documents/TEC/Taller-D/Proyecto-Taller/Proyecto/db/altsyncram_ndg1.tdf Line: 219
        Warning (14320): Synthesized away node "ImageROMC:Irom|ImageROM:memoria|altsyncram:altsyncram_component|altsyncram_ndg1:auto_generated|ram_block1a9" File: C:/Users/david/OneDrive/Documents/TEC/Taller-D/Proyecto-Taller/Proyecto/db/altsyncram_ndg1.tdf Line: 241
        Warning (14320): Synthesized away node "ImageROMC:Irom|ImageROM:memoria|altsyncram:altsyncram_component|altsyncram_ndg1:auto_generated|ram_block1a10" File: C:/Users/david/OneDrive/Documents/TEC/Taller-D/Proyecto-Taller/Proyecto/db/altsyncram_ndg1.tdf Line: 263
        Warning (14320): Synthesized away node "ImageROMC:Irom|ImageROM:memoria|altsyncram:altsyncram_component|altsyncram_ndg1:auto_generated|ram_block1a11" File: C:/Users/david/OneDrive/Documents/TEC/Taller-D/Proyecto-Taller/Proyecto/db/altsyncram_ndg1.tdf Line: 285
        Warning (14320): Synthesized away node "ImageROMC:Irom|ImageROM:memoria|altsyncram:altsyncram_component|altsyncram_ndg1:auto_generated|ram_block1a12" File: C:/Users/david/OneDrive/Documents/TEC/Taller-D/Proyecto-Taller/Proyecto/db/altsyncram_ndg1.tdf Line: 307
        Warning (14320): Synthesized away node "ImageROMC:Irom|ImageROM:memoria|altsyncram:altsyncram_component|altsyncram_ndg1:auto_generated|ram_block1a13" File: C:/Users/david/OneDrive/Documents/TEC/Taller-D/Proyecto-Taller/Proyecto/db/altsyncram_ndg1.tdf Line: 329
        Warning (14320): Synthesized away node "ImageROMC:Irom|ImageROM:memoria|altsyncram:altsyncram_component|altsyncram_ndg1:auto_generated|ram_block1a14" File: C:/Users/david/OneDrive/Documents/TEC/Taller-D/Proyecto-Taller/Proyecto/db/altsyncram_ndg1.tdf Line: 351
        Warning (14320): Synthesized away node "ImageROMC:Irom|ImageROM:memoria|altsyncram:altsyncram_component|altsyncram_ndg1:auto_generated|ram_block1a15" File: C:/Users/david/OneDrive/Documents/TEC/Taller-D/Proyecto-Taller/Proyecto/db/altsyncram_ndg1.tdf Line: 373
Warning (12241): 1 hierarchies have connectivity warnings - see the Connectivity Checks report folder
Info (17049): 14 registers lost all their fanouts during netlist optimizations.
Info (16010): Generating hard_block partition "hard_block:auto_generated_inst"
    Info (16011): Adding 0 node(s), including 0 DDIO, 0 PLL, 0 transceiver and 0 LCELL
Warning (21074): Design contains 3 input pin(s) that do not drive logic
    Warning (15610): No output dependent on input pin "clk" File: C:/Users/david/OneDrive/Documents/TEC/Taller-D/Proyecto-Taller/Proyecto/CPU.sv Line: 1
    Warning (15610): No output dependent on input pin "rst" File: C:/Users/david/OneDrive/Documents/TEC/Taller-D/Proyecto-Taller/Proyecto/CPU.sv Line: 1
    Warning (15610): No output dependent on input pin "mode" File: C:/Users/david/OneDrive/Documents/TEC/Taller-D/Proyecto-Taller/Proyecto/CPU.sv Line: 1
Info (21057): Implemented 3 device resources after synthesis - the final resource count might be different
    Info (21058): Implemented 3 input pins
    Info (21059): Implemented 0 output pins
Info: Quartus Prime Analysis & Synthesis was successful. 0 errors, 28 warnings
    Info: Peak virtual memory: 4801 megabytes
    Info: Processing ended: Mon Nov 07 23:31:00 2022
    Info: Elapsed time: 00:00:14
    Info: Total CPU time (on all processors): 00:00:34


